build/app/outputs/mapping/release/seeds.txt
com.example.frametutor.MainActivity
com.example.frametutor.MainActivity: MainActivity()
...
androidx.window.layout.SidecarWindowBackend: androidx.window.layout.ExtensionInterfaceCompat windowExtension
io.flutter.embedding.engine.renderer.SurfaceTextureWrapper: android.graphics.SurfaceTexture surfaceTexture
kotlinx.coroutines.scheduling.CoroutineScheduler: long parkedWorkersStack
androidx.window.layout.FoldingFeature$OcclusionType: androidx.window.layout.FoldingFeature$OcclusionType FULL
androidx.window.java.layout.WindowInfoTrackerCallbackAdapter$addListener$1$1$invokeSuspend$$inlined$collect$1: androidx.core.util.Consumer $consumer$inlined
io.flutter.plugin.platform.SingleViewPresentation: android.content.Context outerContext
io.flutter.embedding.engine.FlutterJNI: boolean loadLibraryCalled
androidx.window.java.layout.WindowInfoTrackerCallbackAdapter: androidx.window.layout.WindowInfoTracker tracker
androidx.work.impl.utils.futures.AbstractFuture: androidx.work.impl.utils.futures.AbstractFuture$Waiter waiters
androidx.window.layout.SidecarCompat$FirstAttachAdapter: androidx.window.layout.SidecarCompat sidecarCompat
kotlinx.coroutines.EventLoopImplBase: int _isCompleted
com.google.android.exoplayer2.metadata.mp4.SmtaMetadataEntry: android.os.Parcelable$Creator CREATOR
androidx.window.layout.WindowInfoTracker$Companion: java.lang.String TAG
androidx.recyclerview.widget.LinearLayoutManager$SavedState: android.os.Parcelable$Creator CREATOR
com.google.android.exoplayer2.video.ColorInfo: android.os.Parcelable$Creator CREATOR
com.google.android.exoplayer2.metadata.id3.TextInformationFrame: android.os.Parcelable$Creator CREATOR
kotlinx.coroutines.internal.DispatchedContinuation: java.lang.Object _reusableCancellableContinuation
androidx.window.embedding.SplitRule: int minWidth
androidx.window.embedding.MatcherUtils: boolean sDebugMatchers
io.flutter.embedding.engine.FlutterJNI: io.flutter.embedding.engine.FlutterJNI$AsyncWaitForVsyncDelegate asyncWaitForVsyncDelegate
io.flutter.embedding.engine.renderer.SurfaceTextureWrapper: java.lang.Runnable onFrameConsumed
androidx.window.embedding.SplitPairFilter: android.content.ComponentName secondaryActivityName
com.google.android.exoplayer2.metadata.flac.PictureFrame: android.os.Parcelable$Creator CREATOR
androidx.window.layout.WindowInfoTrackerImpl$windowLayoutInfo$1: java.lang.Object L$0
io.flutter.embedding.engine.FlutterJNI: float refreshRateFPS
androidx.window.layout.FoldingFeature$OcclusionType: androidx.window.layout.FoldingFeature$OcclusionType$Companion Companion
io.flutter.embedding.engine.FlutterJNI: java.util.Set engineLifecycleListeners
com.google.android.exoplayer2.metadata.scte35.SpliceScheduleCommand: android.os.Parcelable$Creator CREATOR
androidx.window.layout.SidecarWindowBackend: boolean DEBUG
io.flutter.plugin.platform.SingleViewPresentation: io.flutter.plugin.platform.SingleViewPresentation$AccessibilityDelegatingFrameLayout rootView
kotlinx.coroutines.scheduling.CoroutineScheduler: int _isTerminated
androidx.window.R$attr: int activityName
com.google.android.exoplayer2.Format: android.os.Parcelable$Creator CREATOR
io.flutter.plugin.platform.SingleViewPresentation: boolean startFocused
kotlinx.coroutines.DefaultExecutor: java.lang.Thread _thread
io.flutter.plugin.editing.ImeSyncDeferringInsetsCallback: boolean needsSave
io.flutter.plugin.platform.SingleViewPresentation: android.widget.FrameLayout container
kotlin.jvm.internal.FunctionReference: int arity
android.support.v4.media.session.PlaybackStateCompat: android.os.Parcelable$Creator CREATOR
androidx.window.layout.SidecarWindowBackend$ExtensionListenerImpl: androidx.window.layout.SidecarWindowBackend this$0
com.google.android.exoplayer2.metadata.mp4.MdtaMetadataEntry: android.os.Parcelable$Creator CREATOR
androidx.window.R$styleable: int SplitPairRule_clearTop
io.flutter.embedding.engine.FlutterJNI: java.lang.String TAG
androidx.window.layout.SidecarCompat: androidx.window.sidecar.SidecarInterface sidecar
com.google.android.exoplayer2.metadata.id3.UrlLinkFrame: android.os.Parcelable$Creator CREATOR