build/app/outputs/mapping/release/mapping.txt
# compiler: R8
# compiler_version: 3.2.47
# min_api: 16
# common_typos_disable
# {"id":"com.android.tools.r8.mapping","version":"2.0"}
# pg_map_id: 1950b0a
# pg_map_hash: SHA-256 1950b0a4d4a386f32e498bc8fcda108f25a1144b4d07cdf82fa5862265bc28d0
...
androidx.startup.StartupException -> t.c:
androidx.tracing.Trace -> u.a:
    java.lang.reflect.Method sAsyncTraceBeginMethod -> c
    long sTraceTagApp -> a
    java.lang.reflect.Method sAsyncTraceEndMethod -> d
    java.lang.reflect.Method sIsTagEnabledMethod -> b
    void beginAsyncSection(java.lang.String,int) -> a
    void beginAsyncSectionFallback(java.lang.String,int) -> b
    void beginSection(java.lang.String) -> c
    void endAsyncSection(java.lang.String,int) -> d
    void endAsyncSectionFallback(java.lang.String,int) -> e
    void endSection() -> f
    void handleException(java.lang.String,java.lang.Exception) -> g
    boolean isEnabled() -> h
    boolean isEnabledFallback() -> i
androidx.tracing.TraceApi18Impl -> u.b:
    void beginSection(java.lang.String) -> a
    void endSection() -> b
androidx.tracing.TraceApi29Impl -> u.c:
    void beginAsyncSection(java.lang.String,int) -> a
    void endAsyncSection(java.lang.String,int) -> b
androidx.versionedparcelable.ParcelImpl -> androidx.versionedparcelable.ParcelImpl:
    androidx.versionedparcelable.VersionedParcelable mParcel -> e
    androidx.versionedparcelable.VersionedParcelable getVersionedParcel() -> c
androidx.versionedparcelable.ParcelImpl$1 -> androidx.versionedparcelable.ParcelImpl$a:
    androidx.versionedparcelable.ParcelImpl createFromParcel(android.os.Parcel) -> a
    androidx.versionedparcelable.ParcelImpl[] newArray(int) -> b
androidx.versionedparcelable.ParcelUtils -> v.a:
    androidx.versionedparcelable.VersionedParcelable fromParcelable(android.os.Parcelable) -> a
    androidx.versionedparcelable.VersionedParcelable getVersionedParcelable(android.os.Bundle,java.lang.String) -> b
    void putVersionedParcelable(android.os.Bundle,java.lang.String,androidx.versionedparcelable.VersionedParcelable) -> c
    android.os.Parcelable toParcelable(androidx.versionedparcelable.VersionedParcelable) -> d
androidx.versionedparcelable.VersionedParcel -> androidx.versionedparcelable.a:
    androidx.collection.ArrayMap mParcelizerCache -> c
    androidx.collection.ArrayMap mReadCache -> a
    androidx.collection.ArrayMap mWriteCache -> b
    void writeByteArray(byte[]) -> A
    void writeByteArray(byte[],int) -> B
    void writeCharSequence(java.lang.CharSequence) -> C
    void writeCharSequence(java.lang.CharSequence,int) -> D
    void writeInt(int) -> E
    void writeInt(int,int) -> F
    void writeParcelable(android.os.Parcelable) -> G
    void writeParcelable(android.os.Parcelable,int) -> H
    void writeString(java.lang.String) -> I
    void writeString(java.lang.String,int) -> J
    void writeToParcel(androidx.versionedparcelable.VersionedParcelable,androidx.versionedparcelable.VersionedParcel) -> K
    void writeVersionedParcelable(androidx.versionedparcelable.VersionedParcelable) -> L
    void writeVersionedParcelable(androidx.versionedparcelable.VersionedParcelable,int) -> M
    void writeVersionedParcelableCreator(androidx.versionedparcelable.VersionedParcelable) -> N
    void closeField() -> a
    androidx.versionedparcelable.VersionedParcel createSubParcel() -> b
    java.lang.Class findParcelClass(java.lang.Class) -> c
    java.lang.reflect.Method getReadMethod(java.lang.String) -> d
    java.lang.reflect.Method getWriteMethod(java.lang.Class) -> e
    boolean isStream() -> f
    boolean readBoolean() -> g
    boolean readBoolean(boolean,int) -> h